
  .   ____          _            __ _ _
 /\\ / ___'_ __ _ _(_)_ __  __ _ \ \ \ \
( ( )\___ | '_ | '_| | '_ \/ _` | \ \ \ \
 \\/  ___)| |_)| | | | | || (_| |  ) ) ) )
  '  |____| .__|_| |_|_| |_\__, | / / / /
 =========|_|==============|___/=/_/_/_/

 :: Spring Boot ::                (v3.3.3)

2025-08-19T09:39:29.574Z  INFO 13517 --- [           main] c.e.spend.SpendAnalyticsApplication      : Starting SpendAnalyticsApplication using Java 21.0.7 with PID 13517 (/workspace/spend-analytics/target/spend-analytics-0.0.1-SNAPSHOT.jar started by ubuntu in /workspace)
2025-08-19T09:39:29.576Z  INFO 13517 --- [           main] c.e.spend.SpendAnalyticsApplication      : No active profile set, falling back to 1 default profile: "default"
2025-08-19T09:39:30.085Z  INFO 13517 --- [           main] .s.d.r.c.RepositoryConfigurationDelegate : Bootstrapping Spring Data JPA repositories in DEFAULT mode.
2025-08-19T09:39:30.130Z  INFO 13517 --- [           main] .s.d.r.c.RepositoryConfigurationDelegate : Finished Spring Data repository scanning in 39 ms. Found 9 JPA repository interfaces.
2025-08-19T09:39:30.530Z  INFO 13517 --- [           main] o.s.b.w.embedded.tomcat.TomcatWebServer  : Tomcat initialized with port 8080 (http)
2025-08-19T09:39:30.540Z  INFO 13517 --- [           main] o.apache.catalina.core.StandardService   : Starting service [Tomcat]
2025-08-19T09:39:30.540Z  INFO 13517 --- [           main] o.apache.catalina.core.StandardEngine    : Starting Servlet engine: [Apache Tomcat/10.1.28]
2025-08-19T09:39:30.558Z  INFO 13517 --- [           main] o.a.c.c.C.[Tomcat].[localhost].[/]       : Initializing Spring embedded WebApplicationContext
2025-08-19T09:39:30.559Z  INFO 13517 --- [           main] w.s.c.ServletWebServerApplicationContext : Root WebApplicationContext: initialization completed in 940 ms
2025-08-19T09:39:30.583Z  INFO 13517 --- [           main] com.zaxxer.hikari.HikariDataSource       : HikariPool-1 - Starting...
2025-08-19T09:39:30.715Z  INFO 13517 --- [           main] com.zaxxer.hikari.pool.HikariPool        : HikariPool-1 - Added connection conn0: url=jdbc:h2:mem:spenddb user=SA
2025-08-19T09:39:30.716Z  INFO 13517 --- [           main] com.zaxxer.hikari.HikariDataSource       : HikariPool-1 - Start completed.
2025-08-19T09:39:30.724Z  INFO 13517 --- [           main] o.s.b.a.h2.H2ConsoleAutoConfiguration    : H2 console available at '/h2-console'. Database available at 'jdbc:h2:mem:spenddb'
2025-08-19T09:39:30.810Z  INFO 13517 --- [           main] o.hibernate.jpa.internal.util.LogHelper  : HHH000204: Processing PersistenceUnitInfo [name: default]
2025-08-19T09:39:30.839Z  INFO 13517 --- [           main] org.hibernate.Version                    : HHH000412: Hibernate ORM core version 6.5.2.Final
2025-08-19T09:39:30.859Z  INFO 13517 --- [           main] o.h.c.internal.RegionFactoryInitiator    : HHH000026: Second-level cache disabled
2025-08-19T09:39:31.041Z  INFO 13517 --- [           main] o.s.o.j.p.SpringPersistenceUnitInfo      : No LoadTimeWeaver setup: ignoring JPA class transformer
2025-08-19T09:39:31.652Z  INFO 13517 --- [           main] o.h.e.t.j.p.i.JtaPlatformInitiator       : HHH000489: No JTA platform available (set 'hibernate.transaction.jta.platform' to enable JTA platform integration)
2025-08-19T09:39:31.700Z  INFO 13517 --- [           main] j.LocalContainerEntityManagerFactoryBean : Initialized JPA EntityManagerFactory for persistence unit 'default'
2025-08-19T09:39:32.018Z  WARN 13517 --- [           main] JpaBaseConfiguration$JpaWebConfiguration : spring.jpa.open-in-view is enabled by default. Therefore, database queries may be performed during view rendering. Explicitly configure spring.jpa.open-in-view to disable this warning
2025-08-19T09:39:32.179Z  INFO 13517 --- [           main] r$InitializeUserDetailsManagerConfigurer : Global AuthenticationManager configured with UserDetailsService bean with name users
2025-08-19T09:39:32.553Z  WARN 13517 --- [           main] ConfigServletWebServerApplicationContext : Exception encountered during context initialization - cancelling refresh attempt: org.springframework.context.ApplicationContextException: Failed to start bean 'webServerStartStop'
2025-08-19T09:39:32.555Z  INFO 13517 --- [           main] j.LocalContainerEntityManagerFactoryBean : Closing JPA EntityManagerFactory for persistence unit 'default'
2025-08-19T09:39:32.557Z  INFO 13517 --- [           main] com.zaxxer.hikari.HikariDataSource       : HikariPool-1 - Shutdown initiated...
2025-08-19T09:39:32.564Z  INFO 13517 --- [           main] com.zaxxer.hikari.HikariDataSource       : HikariPool-1 - Shutdown completed.
2025-08-19T09:39:32.577Z  INFO 13517 --- [           main] .s.b.a.l.ConditionEvaluationReportLogger : 

Error starting ApplicationContext. To display the condition evaluation report re-run your application with 'debug' enabled.
2025-08-19T09:39:32.590Z ERROR 13517 --- [           main] o.s.b.d.LoggingFailureAnalysisReporter   : 

***************************
APPLICATION FAILED TO START
***************************

Description:

Web server failed to start. Port 8080 was already in use.

Action:

Identify and stop the process that's listening on port 8080 or configure this application to listen on another port.

